[2024-11-15 오후 2:36:31] Thread Monitoring Report
ThreadPool Configuration:
- Worker Threads: 7/8
- IO Completion Threads: 8/8
--------------------------------------------------
[2024-11-15 오후 2:37:01] Thread Monitoring Report
ThreadPool Configuration:
- Worker Threads: 7/8
- IO Completion Threads: 8/8
--------------------------------------------------
[2024-11-15 오후 4:05:26] Thread Monitoring Report
ThreadPool Configuration:
- Worker Threads: 7/8
- IO Completion Threads: 8/8
--------------------------------------------------
[2024-11-15 오후 4:33:41] Thread Monitoring Report
ThreadPool Configuration:
- Worker Threads: 7/8
- IO Completion Threads: 8/8
--------------------------------------------------
[2024-11-18 오후 2:38:47] Thread Monitoring Report
ThreadPool Configuration:
- Worker Threads: 7/8
- IO Completion Threads: 8/8
--------------------------------------------------
[2024-11-18 오후 2:39:17] Thread Monitoring Report
ThreadPool Configuration:
- Worker Threads: 7/8
- IO Completion Threads: 8/8
--------------------------------------------------
[2024-11-18 오후 2:39:47] Thread Monitoring Report
ThreadPool Configuration:
- Worker Threads: 7/8
- IO Completion Threads: 8/8
--------------------------------------------------
[2024-11-18 오후 2:40:17] Thread Monitoring Report
ThreadPool Configuration:
- Worker Threads: 7/8
- IO Completion Threads: 8/8
--------------------------------------------------
[2024-11-18 오후 2:40:47] Thread Monitoring Report
ThreadPool Configuration:
- Worker Threads: 7/8
- IO Completion Threads: 8/8
--------------------------------------------------
[2024-11-18 오후 2:41:17] Thread Monitoring Report
ThreadPool Configuration:
- Worker Threads: 7/8
- IO Completion Threads: 8/8
--------------------------------------------------
[2024-11-18 오후 2:41:47] Thread Monitoring Report
ThreadPool Configuration:
- Worker Threads: 7/8
- IO Completion Threads: 8/8
--------------------------------------------------
[2024-11-18 오후 2:42:17] Thread Monitoring Report
ThreadPool Configuration:
- Worker Threads: 7/8
- IO Completion Threads: 8/8
--------------------------------------------------
[2024-11-18 오후 2:42:47] Thread Monitoring Report
ThreadPool Configuration:
- Worker Threads: 7/8
- IO Completion Threads: 8/8
--------------------------------------------------
[2024-11-18 오후 2:43:17] Thread Monitoring Report
ThreadPool Configuration:
- Worker Threads: 7/8
- IO Completion Threads: 8/8
--------------------------------------------------
[2024-11-18 오후 2:43:47] Thread Monitoring Report
ThreadPool Configuration:
- Worker Threads: 7/8
- IO Completion Threads: 8/8
--------------------------------------------------
[2024-11-18 오후 2:44:17] Thread Monitoring Report
ThreadPool Configuration:
- Worker Threads: 7/8
- IO Completion Threads: 8/8
--------------------------------------------------
[2024-11-18 오후 2:44:47] Thread Monitoring Report
ThreadPool Configuration:
- Worker Threads: 7/8
- IO Completion Threads: 8/8
--------------------------------------------------
[2024-11-18 오후 2:45:17] Thread Monitoring Report
ThreadPool Configuration:
- Worker Threads: 7/8
- IO Completion Threads: 8/8
--------------------------------------------------
[2024-11-18 오후 2:45:47] Thread Monitoring Report
ThreadPool Configuration:
- Worker Threads: 7/8
- IO Completion Threads: 8/8
--------------------------------------------------
[2024-11-18 오후 2:46:17] Thread Monitoring Report
ThreadPool Configuration:
- Worker Threads: 7/8
- IO Completion Threads: 8/8
--------------------------------------------------
[2024-11-18 오후 2:46:47] Thread Monitoring Report
ThreadPool Configuration:
- Worker Threads: 7/8
- IO Completion Threads: 8/8
--------------------------------------------------
[2024-11-18 오후 2:47:17] Thread Monitoring Report
ThreadPool Configuration:
- Worker Threads: 7/8
- IO Completion Threads: 8/8
--------------------------------------------------
[2024-11-18 오후 2:47:47] Thread Monitoring Report
ThreadPool Configuration:
- Worker Threads: 7/8
- IO Completion Threads: 8/8
--------------------------------------------------
[2024-11-18 오후 2:48:17] Thread Monitoring Report
ThreadPool Configuration:
- Worker Threads: 7/8
- IO Completion Threads: 8/8
--------------------------------------------------
[2024-11-18 오후 2:48:47] Thread Monitoring Report
ThreadPool Configuration:
- Worker Threads: 7/8
- IO Completion Threads: 8/8
--------------------------------------------------
[2024-11-18 오후 2:49:17] Thread Monitoring Report
ThreadPool Configuration:
- Worker Threads: 7/8
- IO Completion Threads: 8/8
--------------------------------------------------
[2024-11-18 오후 2:49:47] Thread Monitoring Report
ThreadPool Configuration:
- Worker Threads: 7/8
- IO Completion Threads: 8/8
--------------------------------------------------
[2024-11-18 오후 2:50:17] Thread Monitoring Report
ThreadPool Configuration:
- Worker Threads: 7/8
- IO Completion Threads: 8/8
--------------------------------------------------
[2024-11-18 오후 2:50:47] Thread Monitoring Report
ThreadPool Configuration:
- Worker Threads: 7/8
- IO Completion Threads: 8/8
--------------------------------------------------
[2024-11-18 오후 2:51:17] Thread Monitoring Report
ThreadPool Configuration:
- Worker Threads: 7/8
- IO Completion Threads: 8/8
--------------------------------------------------
[2024-11-18 오후 2:51:47] Thread Monitoring Report
ThreadPool Configuration:
- Worker Threads: 7/8
- IO Completion Threads: 8/8
--------------------------------------------------
[2024-11-18 오후 2:52:17] Thread Monitoring Report
ThreadPool Configuration:
- Worker Threads: 7/8
- IO Completion Threads: 8/8
--------------------------------------------------
[2024-11-18 오후 2:52:47] Thread Monitoring Report
ThreadPool Configuration:
- Worker Threads: 7/8
- IO Completion Threads: 8/8
--------------------------------------------------
[2024-11-18 오후 2:53:17] Thread Monitoring Report
ThreadPool Configuration:
- Worker Threads: 7/8
- IO Completion Threads: 8/8
--------------------------------------------------
[2024-11-18 오후 2:53:47] Thread Monitoring Report
ThreadPool Configuration:
- Worker Threads: 7/8
- IO Completion Threads: 8/8
--------------------------------------------------
[2024-11-18 오후 2:54:17] Thread Monitoring Report
ThreadPool Configuration:
- Worker Threads: 7/8
- IO Completion Threads: 8/8
--------------------------------------------------
[2024-11-18 오후 2:54:47] Thread Monitoring Report
ThreadPool Configuration:
- Worker Threads: 7/8
- IO Completion Threads: 8/8
--------------------------------------------------
[2024-11-18 오후 2:55:17] Thread Monitoring Report
ThreadPool Configuration:
- Worker Threads: 7/8
- IO Completion Threads: 8/8
--------------------------------------------------
[2024-11-18 오후 2:55:47] Thread Monitoring Report
ThreadPool Configuration:
- Worker Threads: 7/8
- IO Completion Threads: 8/8
--------------------------------------------------
[2024-11-18 오후 2:56:17] Thread Monitoring Report
ThreadPool Configuration:
- Worker Threads: 7/8
- IO Completion Threads: 8/8
--------------------------------------------------
[2024-11-18 오후 2:56:48] Thread Monitoring Report
ThreadPool Configuration:
- Worker Threads: 7/8
- IO Completion Threads: 8/8
--------------------------------------------------
[2024-11-18 오후 2:57:18] Thread Monitoring Report
ThreadPool Configuration:
- Worker Threads: 7/8
- IO Completion Threads: 8/8
--------------------------------------------------
[2024-11-18 오후 2:57:48] Thread Monitoring Report
ThreadPool Configuration:
- Worker Threads: 7/8
- IO Completion Threads: 8/8
--------------------------------------------------
[2024-11-18 오후 2:58:18] Thread Monitoring Report
ThreadPool Configuration:
- Worker Threads: 7/8
- IO Completion Threads: 8/8
--------------------------------------------------
[2024-11-18 오후 2:58:48] Thread Monitoring Report
ThreadPool Configuration:
- Worker Threads: 7/8
- IO Completion Threads: 8/8
--------------------------------------------------
[2024-11-18 오후 2:59:18] Thread Monitoring Report
ThreadPool Configuration:
- Worker Threads: 7/8
- IO Completion Threads: 8/8
--------------------------------------------------
[2024-11-18 오후 2:59:48] Thread Monitoring Report
ThreadPool Configuration:
- Worker Threads: 7/8
- IO Completion Threads: 8/8
--------------------------------------------------
[2024-11-18 오후 3:00:18] Thread Monitoring Report
ThreadPool Configuration:
- Worker Threads: 7/8
- IO Completion Threads: 8/8
--------------------------------------------------
[2024-11-18 오후 3:00:48] Thread Monitoring Report
ThreadPool Configuration:
- Worker Threads: 7/8
- IO Completion Threads: 8/8
--------------------------------------------------
[2024-11-18 오후 3:01:18] Thread Monitoring Report
ThreadPool Configuration:
- Worker Threads: 7/8
- IO Completion Threads: 8/8
--------------------------------------------------
[2024-11-18 오후 3:01:48] Thread Monitoring Report
ThreadPool Configuration:
- Worker Threads: 7/8
- IO Completion Threads: 8/8
--------------------------------------------------
[2024-11-18 오후 3:02:18] Thread Monitoring Report
ThreadPool Configuration:
- Worker Threads: 7/8
- IO Completion Threads: 8/8
--------------------------------------------------
[2024-11-18 오후 3:02:48] Thread Monitoring Report
ThreadPool Configuration:
- Worker Threads: 7/8
- IO Completion Threads: 8/8
--------------------------------------------------
[2024-11-18 오후 3:03:18] Thread Monitoring Report
ThreadPool Configuration:
- Worker Threads: 7/8
- IO Completion Threads: 8/8
--------------------------------------------------
[2024-11-18 오후 3:03:48] Thread Monitoring Report
ThreadPool Configuration:
- Worker Threads: 7/8
- IO Completion Threads: 8/8
--------------------------------------------------
[2024-11-18 오후 3:04:18] Thread Monitoring Report
ThreadPool Configuration:
- Worker Threads: 7/8
- IO Completion Threads: 8/8
--------------------------------------------------
[2024-11-18 오후 3:04:48] Thread Monitoring Report
ThreadPool Configuration:
- Worker Threads: 7/8
- IO Completion Threads: 8/8
--------------------------------------------------
[2024-11-18 오후 3:05:18] Thread Monitoring Report
ThreadPool Configuration:
- Worker Threads: 7/8
- IO Completion Threads: 8/8
--------------------------------------------------
[2024-11-18 오후 3:05:48] Thread Monitoring Report
ThreadPool Configuration:
- Worker Threads: 7/8
- IO Completion Threads: 8/8
--------------------------------------------------
[2024-11-18 오후 3:06:18] Thread Monitoring Report
ThreadPool Configuration:
- Worker Threads: 7/8
- IO Completion Threads: 8/8
--------------------------------------------------
[2024-11-18 오후 3:06:48] Thread Monitoring Report
ThreadPool Configuration:
- Worker Threads: 7/8
- IO Completion Threads: 8/8
--------------------------------------------------
[2024-11-18 오후 3:07:18] Thread Monitoring Report
ThreadPool Configuration:
- Worker Threads: 7/8
- IO Completion Threads: 8/8
--------------------------------------------------
[2024-11-18 오후 3:07:48] Thread Monitoring Report
ThreadPool Configuration:
- Worker Threads: 7/8
- IO Completion Threads: 8/8
--------------------------------------------------
[2024-11-18 오후 3:08:18] Thread Monitoring Report
ThreadPool Configuration:
- Worker Threads: 7/8
- IO Completion Threads: 8/8
--------------------------------------------------
[2024-11-18 오후 3:08:48] Thread Monitoring Report
ThreadPool Configuration:
- Worker Threads: 7/8
- IO Completion Threads: 8/8
--------------------------------------------------
[2024-11-18 오후 3:09:18] Thread Monitoring Report
ThreadPool Configuration:
- Worker Threads: 7/8
- IO Completion Threads: 8/8
--------------------------------------------------
[2024-11-18 오후 3:09:48] Thread Monitoring Report
ThreadPool Configuration:
- Worker Threads: 7/8
- IO Completion Threads: 8/8
--------------------------------------------------
[2024-11-18 오후 3:10:18] Thread Monitoring Report
ThreadPool Configuration:
- Worker Threads: 7/8
- IO Completion Threads: 8/8
--------------------------------------------------
[2024-11-18 오후 3:10:48] Thread Monitoring Report
ThreadPool Configuration:
- Worker Threads: 7/8
- IO Completion Threads: 8/8
--------------------------------------------------
[2024-11-18 오후 3:11:18] Thread Monitoring Report
ThreadPool Configuration:
- Worker Threads: 7/8
- IO Completion Threads: 8/8
--------------------------------------------------
[2024-11-18 오후 3:11:48] Thread Monitoring Report
ThreadPool Configuration:
- Worker Threads: 7/8
- IO Completion Threads: 8/8
--------------------------------------------------
[2024-11-18 오후 3:12:18] Thread Monitoring Report
ThreadPool Configuration:
- Worker Threads: 7/8
- IO Completion Threads: 8/8
--------------------------------------------------
[2024-11-18 오후 3:12:48] Thread Monitoring Report
ThreadPool Configuration:
- Worker Threads: 7/8
- IO Completion Threads: 8/8
--------------------------------------------------
[2024-11-18 오후 3:13:18] Thread Monitoring Report
ThreadPool Configuration:
- Worker Threads: 7/8
- IO Completion Threads: 8/8
--------------------------------------------------
[2024-11-18 오후 3:13:48] Thread Monitoring Report
ThreadPool Configuration:
- Worker Threads: 7/8
- IO Completion Threads: 8/8
--------------------------------------------------
[2024-11-18 오후 3:14:18] Thread Monitoring Report
ThreadPool Configuration:
- Worker Threads: 7/8
- IO Completion Threads: 8/8
--------------------------------------------------
[2024-11-18 오후 3:14:48] Thread Monitoring Report
ThreadPool Configuration:
- Worker Threads: 7/8
- IO Completion Threads: 8/8
--------------------------------------------------
[2024-11-18 오후 3:15:18] Thread Monitoring Report
ThreadPool Configuration:
- Worker Threads: 7/8
- IO Completion Threads: 8/8
--------------------------------------------------
[2024-11-18 오후 3:15:48] Thread Monitoring Report
ThreadPool Configuration:
- Worker Threads: 7/8
- IO Completion Threads: 8/8
--------------------------------------------------
[2024-11-18 오후 3:16:18] Thread Monitoring Report
ThreadPool Configuration:
- Worker Threads: 7/8
- IO Completion Threads: 8/8
--------------------------------------------------
[2024-11-18 오후 3:16:48] Thread Monitoring Report
ThreadPool Configuration:
- Worker Threads: 7/8
- IO Completion Threads: 8/8
--------------------------------------------------
[2024-11-18 오후 3:17:18] Thread Monitoring Report
ThreadPool Configuration:
- Worker Threads: 7/8
- IO Completion Threads: 8/8
--------------------------------------------------
[2024-11-18 오후 3:17:48] Thread Monitoring Report
ThreadPool Configuration:
- Worker Threads: 7/8
- IO Completion Threads: 8/8
--------------------------------------------------
[2024-11-18 오후 3:18:18] Thread Monitoring Report
ThreadPool Configuration:
- Worker Threads: 7/8
- IO Completion Threads: 8/8
--------------------------------------------------
[2024-11-18 오후 3:18:48] Thread Monitoring Report
ThreadPool Configuration:
- Worker Threads: 7/8
- IO Completion Threads: 8/8
--------------------------------------------------
[2024-11-18 오후 3:19:18] Thread Monitoring Report
ThreadPool Configuration:
- Worker Threads: 7/8
- IO Completion Threads: 8/8
--------------------------------------------------
[2024-11-18 오후 3:19:48] Thread Monitoring Report
ThreadPool Configuration:
- Worker Threads: 7/8
- IO Completion Threads: 8/8
--------------------------------------------------
[2024-11-18 오후 3:20:18] Thread Monitoring Report
ThreadPool Configuration:
- Worker Threads: 7/8
- IO Completion Threads: 8/8
--------------------------------------------------
[2024-11-18 오후 3:20:48] Thread Monitoring Report
ThreadPool Configuration:
- Worker Threads: 7/8
- IO Completion Threads: 8/8
--------------------------------------------------
[2024-11-18 오후 3:21:18] Thread Monitoring Report
ThreadPool Configuration:
- Worker Threads: 7/8
- IO Completion Threads: 8/8
--------------------------------------------------
[2024-11-18 오후 3:21:48] Thread Monitoring Report
ThreadPool Configuration:
- Worker Threads: 7/8
- IO Completion Threads: 8/8
--------------------------------------------------
[2024-11-18 오후 3:22:18] Thread Monitoring Report
ThreadPool Configuration:
- Worker Threads: 7/8
- IO Completion Threads: 8/8
--------------------------------------------------
[2024-11-18 오후 3:22:48] Thread Monitoring Report
ThreadPool Configuration:
- Worker Threads: 7/8
- IO Completion Threads: 8/8
--------------------------------------------------
[2024-11-18 오후 3:23:18] Thread Monitoring Report
ThreadPool Configuration:
- Worker Threads: 7/8
- IO Completion Threads: 8/8
--------------------------------------------------
[2024-11-18 오후 3:23:48] Thread Monitoring Report
ThreadPool Configuration:
- Worker Threads: 7/8
- IO Completion Threads: 8/8
--------------------------------------------------
[2024-11-18 오후 3:24:18] Thread Monitoring Report
ThreadPool Configuration:
- Worker Threads: 7/8
- IO Completion Threads: 8/8
--------------------------------------------------
[2024-11-18 오후 3:24:48] Thread Monitoring Report
ThreadPool Configuration:
- Worker Threads: 7/8
- IO Completion Threads: 8/8
--------------------------------------------------
[2024-11-18 오후 3:25:18] Thread Monitoring Report
ThreadPool Configuration:
- Worker Threads: 7/8
- IO Completion Threads: 8/8
--------------------------------------------------
[2024-11-18 오후 3:25:48] Thread Monitoring Report
ThreadPool Configuration:
- Worker Threads: 7/8
- IO Completion Threads: 8/8
--------------------------------------------------
[2024-11-18 오후 3:26:18] Thread Monitoring Report
ThreadPool Configuration:
- Worker Threads: 7/8
- IO Completion Threads: 8/8
--------------------------------------------------
[2024-11-18 오후 3:26:48] Thread Monitoring Report
ThreadPool Configuration:
- Worker Threads: 7/8
- IO Completion Threads: 8/8
--------------------------------------------------
[2024-11-18 오후 3:27:18] Thread Monitoring Report
ThreadPool Configuration:
- Worker Threads: 7/8
- IO Completion Threads: 8/8
--------------------------------------------------
[2024-11-18 오후 3:27:48] Thread Monitoring Report
ThreadPool Configuration:
- Worker Threads: 7/8
- IO Completion Threads: 8/8
--------------------------------------------------
[2024-11-18 오후 3:28:18] Thread Monitoring Report
ThreadPool Configuration:
- Worker Threads: 7/8
- IO Completion Threads: 8/8
--------------------------------------------------
[2024-11-18 오후 3:28:48] Thread Monitoring Report
ThreadPool Configuration:
- Worker Threads: 7/8
- IO Completion Threads: 8/8
--------------------------------------------------
[2024-11-18 오후 3:29:18] Thread Monitoring Report
ThreadPool Configuration:
- Worker Threads: 7/8
- IO Completion Threads: 8/8
--------------------------------------------------
[2024-11-18 오후 3:29:48] Thread Monitoring Report
ThreadPool Configuration:
- Worker Threads: 7/8
- IO Completion Threads: 8/8
--------------------------------------------------
[2024-11-18 오후 3:30:18] Thread Monitoring Report
ThreadPool Configuration:
- Worker Threads: 7/8
- IO Completion Threads: 8/8
--------------------------------------------------
[2024-11-18 오후 3:30:48] Thread Monitoring Report
ThreadPool Configuration:
- Worker Threads: 7/8
- IO Completion Threads: 8/8
--------------------------------------------------
[2024-11-18 오후 3:31:18] Thread Monitoring Report
ThreadPool Configuration:
- Worker Threads: 7/8
- IO Completion Threads: 8/8
--------------------------------------------------
[2024-11-18 오후 3:31:48] Thread Monitoring Report
ThreadPool Configuration:
- Worker Threads: 7/8
- IO Completion Threads: 8/8
--------------------------------------------------
[2024-11-18 오후 3:32:18] Thread Monitoring Report
ThreadPool Configuration:
- Worker Threads: 7/8
- IO Completion Threads: 8/8
--------------------------------------------------
[2024-11-18 오후 3:32:48] Thread Monitoring Report
ThreadPool Configuration:
- Worker Threads: 7/8
- IO Completion Threads: 8/8
--------------------------------------------------
[2024-11-18 오후 3:33:18] Thread Monitoring Report
ThreadPool Configuration:
- Worker Threads: 7/8
- IO Completion Threads: 8/8
--------------------------------------------------
[2024-11-18 오후 3:33:48] Thread Monitoring Report
ThreadPool Configuration:
- Worker Threads: 7/8
- IO Completion Threads: 8/8
--------------------------------------------------
[2024-11-18 오후 3:34:18] Thread Monitoring Report
ThreadPool Configuration:
- Worker Threads: 7/8
- IO Completion Threads: 8/8
--------------------------------------------------
[2024-11-18 오후 3:34:48] Thread Monitoring Report
ThreadPool Configuration:
- Worker Threads: 7/8
- IO Completion Threads: 8/8
--------------------------------------------------
[2024-11-18 오후 3:35:18] Thread Monitoring Report
ThreadPool Configuration:
- Worker Threads: 7/8
- IO Completion Threads: 8/8
--------------------------------------------------
[2024-11-18 오후 3:35:48] Thread Monitoring Report
ThreadPool Configuration:
- Worker Threads: 7/8
- IO Completion Threads: 8/8
--------------------------------------------------
[2024-11-18 오후 3:36:18] Thread Monitoring Report
ThreadPool Configuration:
- Worker Threads: 7/8
- IO Completion Threads: 8/8
--------------------------------------------------
[2024-11-18 오후 3:36:48] Thread Monitoring Report
ThreadPool Configuration:
- Worker Threads: 7/8
- IO Completion Threads: 8/8
--------------------------------------------------
[2024-11-18 오후 3:37:18] Thread Monitoring Report
ThreadPool Configuration:
- Worker Threads: 7/8
- IO Completion Threads: 8/8
--------------------------------------------------
[2024-11-18 오후 3:37:48] Thread Monitoring Report
ThreadPool Configuration:
- Worker Threads: 7/8
- IO Completion Threads: 8/8
--------------------------------------------------
[2024-11-18 오후 3:38:18] Thread Monitoring Report
ThreadPool Configuration:
- Worker Threads: 7/8
- IO Completion Threads: 8/8
--------------------------------------------------
[2024-11-18 오후 3:38:48] Thread Monitoring Report
ThreadPool Configuration:
- Worker Threads: 7/8
- IO Completion Threads: 8/8
--------------------------------------------------
[2024-11-18 오후 3:39:18] Thread Monitoring Report
ThreadPool Configuration:
- Worker Threads: 7/8
- IO Completion Threads: 8/8
--------------------------------------------------
[2024-11-18 오후 3:39:48] Thread Monitoring Report
ThreadPool Configuration:
- Worker Threads: 7/8
- IO Completion Threads: 8/8
--------------------------------------------------
[2024-11-18 오후 3:40:18] Thread Monitoring Report
ThreadPool Configuration:
- Worker Threads: 7/8
- IO Completion Threads: 8/8
--------------------------------------------------
[2024-11-18 오후 3:40:48] Thread Monitoring Report
ThreadPool Configuration:
- Worker Threads: 7/8
- IO Completion Threads: 8/8
--------------------------------------------------
[2024-11-18 오후 3:41:18] Thread Monitoring Report
ThreadPool Configuration:
- Worker Threads: 7/8
- IO Completion Threads: 8/8
--------------------------------------------------
[2024-11-18 오후 3:41:48] Thread Monitoring Report
ThreadPool Configuration:
- Worker Threads: 7/8
- IO Completion Threads: 8/8
--------------------------------------------------
[2024-11-18 오후 3:42:18] Thread Monitoring Report
ThreadPool Configuration:
- Worker Threads: 7/8
- IO Completion Threads: 8/8
--------------------------------------------------
[2024-11-18 오후 3:42:48] Thread Monitoring Report
ThreadPool Configuration:
- Worker Threads: 7/8
- IO Completion Threads: 8/8
--------------------------------------------------
[2024-11-18 오후 3:43:18] Thread Monitoring Report
ThreadPool Configuration:
- Worker Threads: 7/8
- IO Completion Threads: 8/8
--------------------------------------------------
[2024-11-18 오후 3:43:48] Thread Monitoring Report
ThreadPool Configuration:
- Worker Threads: 7/8
- IO Completion Threads: 8/8
--------------------------------------------------
[2024-11-18 오후 3:44:18] Thread Monitoring Report
ThreadPool Configuration:
- Worker Threads: 7/8
- IO Completion Threads: 8/8
--------------------------------------------------
[2024-11-18 오후 3:44:48] Thread Monitoring Report
ThreadPool Configuration:
- Worker Threads: 7/8
- IO Completion Threads: 8/8
--------------------------------------------------
[2024-11-18 오후 3:45:18] Thread Monitoring Report
ThreadPool Configuration:
- Worker Threads: 7/8
- IO Completion Threads: 8/8
--------------------------------------------------
[2024-11-18 오후 3:45:48] Thread Monitoring Report
ThreadPool Configuration:
- Worker Threads: 7/8
- IO Completion Threads: 8/8
--------------------------------------------------
[2024-11-18 오후 3:46:18] Thread Monitoring Report
ThreadPool Configuration:
- Worker Threads: 7/8
- IO Completion Threads: 8/8
--------------------------------------------------
[2024-11-18 오후 3:46:48] Thread Monitoring Report
ThreadPool Configuration:
- Worker Threads: 7/8
- IO Completion Threads: 8/8
--------------------------------------------------
[2024-11-18 오후 3:47:18] Thread Monitoring Report
ThreadPool Configuration:
- Worker Threads: 7/8
- IO Completion Threads: 8/8
--------------------------------------------------
[2024-11-18 오후 3:47:48] Thread Monitoring Report
ThreadPool Configuration:
- Worker Threads: 7/8
- IO Completion Threads: 8/8
--------------------------------------------------
[2024-11-18 오후 3:48:18] Thread Monitoring Report
ThreadPool Configuration:
- Worker Threads: 7/8
- IO Completion Threads: 8/8
--------------------------------------------------
[2024-11-18 오후 3:48:48] Thread Monitoring Report
ThreadPool Configuration:
- Worker Threads: 7/8
- IO Completion Threads: 8/8
--------------------------------------------------
[2024-11-18 오후 3:49:18] Thread Monitoring Report
ThreadPool Configuration:
- Worker Threads: 7/8
- IO Completion Threads: 8/8
--------------------------------------------------
[2024-11-18 오후 3:49:48] Thread Monitoring Report
ThreadPool Configuration:
- Worker Threads: 7/8
- IO Completion Threads: 8/8
--------------------------------------------------
[2024-11-18 오후 3:50:18] Thread Monitoring Report
ThreadPool Configuration:
- Worker Threads: 7/8
- IO Completion Threads: 8/8
--------------------------------------------------
[2024-11-18 오후 3:50:48] Thread Monitoring Report
ThreadPool Configuration:
- Worker Threads: 7/8
- IO Completion Threads: 8/8
--------------------------------------------------
[2024-11-18 오후 3:51:18] Thread Monitoring Report
ThreadPool Configuration:
- Worker Threads: 7/8
- IO Completion Threads: 8/8
--------------------------------------------------
[2024-11-18 오후 3:51:48] Thread Monitoring Report
ThreadPool Configuration:
- Worker Threads: 7/8
- IO Completion Threads: 8/8
--------------------------------------------------
[2024-11-18 오후 3:52:18] Thread Monitoring Report
ThreadPool Configuration:
- Worker Threads: 7/8
- IO Completion Threads: 8/8
--------------------------------------------------
[2024-11-18 오후 3:52:48] Thread Monitoring Report
ThreadPool Configuration:
- Worker Threads: 7/8
- IO Completion Threads: 8/8
--------------------------------------------------
[2024-11-18 오후 3:53:18] Thread Monitoring Report
ThreadPool Configuration:
- Worker Threads: 7/8
- IO Completion Threads: 8/8
--------------------------------------------------
[2024-11-18 오후 3:53:48] Thread Monitoring Report
ThreadPool Configuration:
- Worker Threads: 7/8
- IO Completion Threads: 8/8
--------------------------------------------------
[2024-11-18 오후 3:54:18] Thread Monitoring Report
ThreadPool Configuration:
- Worker Threads: 7/8
- IO Completion Threads: 8/8
--------------------------------------------------
[2024-11-18 오후 3:54:48] Thread Monitoring Report
ThreadPool Configuration:
- Worker Threads: 7/8
- IO Completion Threads: 8/8
--------------------------------------------------
[2024-11-18 오후 3:55:18] Thread Monitoring Report
ThreadPool Configuration:
- Worker Threads: 7/8
- IO Completion Threads: 8/8
--------------------------------------------------
[2024-11-18 오후 3:55:48] Thread Monitoring Report
ThreadPool Configuration:
- Worker Threads: 7/8
- IO Completion Threads: 8/8
--------------------------------------------------
[2024-11-18 오후 3:56:18] Thread Monitoring Report
ThreadPool Configuration:
- Worker Threads: 7/8
- IO Completion Threads: 8/8
--------------------------------------------------
[2024-11-18 오후 3:56:48] Thread Monitoring Report
ThreadPool Configuration:
- Worker Threads: 7/8
- IO Completion Threads: 8/8
--------------------------------------------------
[2024-11-18 오후 3:57:18] Thread Monitoring Report
ThreadPool Configuration:
- Worker Threads: 7/8
- IO Completion Threads: 8/8
--------------------------------------------------
[2024-11-18 오후 3:57:48] Thread Monitoring Report
ThreadPool Configuration:
- Worker Threads: 7/8
- IO Completion Threads: 8/8
--------------------------------------------------
[2024-11-18 오후 3:58:18] Thread Monitoring Report
ThreadPool Configuration:
- Worker Threads: 7/8
- IO Completion Threads: 8/8
--------------------------------------------------
[2024-11-18 오후 3:58:48] Thread Monitoring Report
ThreadPool Configuration:
- Worker Threads: 7/8
- IO Completion Threads: 8/8
--------------------------------------------------
[2024-11-18 오후 3:59:18] Thread Monitoring Report
ThreadPool Configuration:
- Worker Threads: 7/8
- IO Completion Threads: 8/8
--------------------------------------------------
[2024-11-18 오후 3:59:48] Thread Monitoring Report
ThreadPool Configuration:
- Worker Threads: 7/8
- IO Completion Threads: 8/8
--------------------------------------------------
[2024-11-18 오후 4:00:18] Thread Monitoring Report
ThreadPool Configuration:
- Worker Threads: 7/8
- IO Completion Threads: 8/8
--------------------------------------------------
[2024-11-18 오후 4:00:49] Thread Monitoring Report
ThreadPool Configuration:
- Worker Threads: 7/8
- IO Completion Threads: 8/8
--------------------------------------------------
[2024-11-18 오후 4:01:19] Thread Monitoring Report
ThreadPool Configuration:
- Worker Threads: 7/8
- IO Completion Threads: 8/8
--------------------------------------------------
[2024-11-18 오후 4:01:49] Thread Monitoring Report
ThreadPool Configuration:
- Worker Threads: 7/8
- IO Completion Threads: 8/8
--------------------------------------------------
[2024-11-18 오후 4:02:19] Thread Monitoring Report
ThreadPool Configuration:
- Worker Threads: 7/8
- IO Completion Threads: 8/8
--------------------------------------------------
[2024-11-18 오후 4:02:49] Thread Monitoring Report
ThreadPool Configuration:
- Worker Threads: 7/8
- IO Completion Threads: 8/8
--------------------------------------------------
[2024-11-18 오후 4:03:19] Thread Monitoring Report
ThreadPool Configuration:
- Worker Threads: 7/8
- IO Completion Threads: 8/8
--------------------------------------------------
[2024-11-18 오후 4:03:49] Thread Monitoring Report
ThreadPool Configuration:
- Worker Threads: 7/8
- IO Completion Threads: 8/8
--------------------------------------------------
[2024-11-18 오후 4:04:19] Thread Monitoring Report
ThreadPool Configuration:
- Worker Threads: 7/8
- IO Completion Threads: 8/8
--------------------------------------------------
[2024-11-18 오후 4:04:49] Thread Monitoring Report
ThreadPool Configuration:
- Worker Threads: 7/8
- IO Completion Threads: 8/8
--------------------------------------------------
[2024-11-18 오후 4:05:19] Thread Monitoring Report
ThreadPool Configuration:
- Worker Threads: 7/8
- IO Completion Threads: 8/8
--------------------------------------------------
[2024-11-18 오후 4:05:49] Thread Monitoring Report
ThreadPool Configuration:
- Worker Threads: 7/8
- IO Completion Threads: 8/8
--------------------------------------------------
[2024-11-18 오후 4:06:19] Thread Monitoring Report
ThreadPool Configuration:
- Worker Threads: 7/8
- IO Completion Threads: 8/8
--------------------------------------------------
[2024-11-18 오후 4:06:49] Thread Monitoring Report
ThreadPool Configuration:
- Worker Threads: 7/8
- IO Completion Threads: 8/8
--------------------------------------------------
[2024-11-18 오후 4:07:19] Thread Monitoring Report
ThreadPool Configuration:
- Worker Threads: 7/8
- IO Completion Threads: 8/8
--------------------------------------------------
[2024-11-18 오후 4:07:49] Thread Monitoring Report
ThreadPool Configuration:
- Worker Threads: 7/8
- IO Completion Threads: 8/8
--------------------------------------------------
[2024-11-18 오후 4:08:19] Thread Monitoring Report
ThreadPool Configuration:
- Worker Threads: 7/8
- IO Completion Threads: 8/8
--------------------------------------------------
[2024-11-18 오후 4:08:49] Thread Monitoring Report
ThreadPool Configuration:
- Worker Threads: 7/8
- IO Completion Threads: 8/8
--------------------------------------------------
[2024-11-18 오후 4:09:19] Thread Monitoring Report
ThreadPool Configuration:
- Worker Threads: 7/8
- IO Completion Threads: 8/8
--------------------------------------------------
[2024-11-18 오후 4:09:49] Thread Monitoring Report
ThreadPool Configuration:
- Worker Threads: 7/8
- IO Completion Threads: 8/8
--------------------------------------------------
[2024-11-18 오후 4:10:19] Thread Monitoring Report
ThreadPool Configuration:
- Worker Threads: 7/8
- IO Completion Threads: 8/8
--------------------------------------------------
[2024-11-18 오후 4:10:49] Thread Monitoring Report
ThreadPool Configuration:
- Worker Threads: 7/8
- IO Completion Threads: 8/8
--------------------------------------------------
[2024-11-18 오후 4:11:19] Thread Monitoring Report
ThreadPool Configuration:
- Worker Threads: 7/8
- IO Completion Threads: 8/8
--------------------------------------------------
[2024-11-18 오후 4:11:49] Thread Monitoring Report
ThreadPool Configuration:
- Worker Threads: 7/8
- IO Completion Threads: 8/8
--------------------------------------------------
[2024-11-18 오후 4:12:19] Thread Monitoring Report
ThreadPool Configuration:
- Worker Threads: 7/8
- IO Completion Threads: 8/8
--------------------------------------------------
[2024-11-18 오후 4:12:49] Thread Monitoring Report
ThreadPool Configuration:
- Worker Threads: 7/8
- IO Completion Threads: 8/8
--------------------------------------------------
[2024-11-18 오후 4:13:19] Thread Monitoring Report
ThreadPool Configuration:
- Worker Threads: 7/8
- IO Completion Threads: 8/8
--------------------------------------------------
[2024-11-18 오후 4:13:49] Thread Monitoring Report
ThreadPool Configuration:
- Worker Threads: 7/8
- IO Completion Threads: 8/8
--------------------------------------------------
[2024-11-18 오후 4:14:19] Thread Monitoring Report
ThreadPool Configuration:
- Worker Threads: 7/8
- IO Completion Threads: 8/8
--------------------------------------------------
[2024-11-18 오후 4:14:49] Thread Monitoring Report
ThreadPool Configuration:
- Worker Threads: 7/8
- IO Completion Threads: 8/8
--------------------------------------------------
[2024-11-18 오후 4:15:19] Thread Monitoring Report
ThreadPool Configuration:
- Worker Threads: 7/8
- IO Completion Threads: 8/8
--------------------------------------------------
[2024-11-18 오후 4:15:49] Thread Monitoring Report
ThreadPool Configuration:
- Worker Threads: 7/8
- IO Completion Threads: 8/8
--------------------------------------------------
[2024-11-18 오후 4:16:19] Thread Monitoring Report
ThreadPool Configuration:
- Worker Threads: 7/8
- IO Completion Threads: 8/8
--------------------------------------------------
[2024-11-18 오후 4:16:49] Thread Monitoring Report
ThreadPool Configuration:
- Worker Threads: 7/8
- IO Completion Threads: 8/8
--------------------------------------------------
[2024-11-18 오후 4:17:19] Thread Monitoring Report
ThreadPool Configuration:
- Worker Threads: 7/8
- IO Completion Threads: 8/8
--------------------------------------------------
[2024-11-18 오후 4:17:49] Thread Monitoring Report
ThreadPool Configuration:
- Worker Threads: 7/8
- IO Completion Threads: 8/8
--------------------------------------------------
[2024-11-18 오후 4:18:19] Thread Monitoring Report
ThreadPool Configuration:
- Worker Threads: 7/8
- IO Completion Threads: 8/8
--------------------------------------------------
[2024-11-18 오후 4:18:49] Thread Monitoring Report
ThreadPool Configuration:
- Worker Threads: 7/8
- IO Completion Threads: 8/8
--------------------------------------------------
[2024-11-18 오후 4:19:19] Thread Monitoring Report
ThreadPool Configuration:
- Worker Threads: 7/8
- IO Completion Threads: 8/8
--------------------------------------------------
[2024-11-18 오후 4:19:49] Thread Monitoring Report
ThreadPool Configuration:
- Worker Threads: 7/8
- IO Completion Threads: 8/8
--------------------------------------------------
[2024-11-18 오후 4:20:19] Thread Monitoring Report
ThreadPool Configuration:
- Worker Threads: 7/8
- IO Completion Threads: 8/8
--------------------------------------------------
[2024-11-18 오후 4:20:49] Thread Monitoring Report
ThreadPool Configuration:
- Worker Threads: 7/8
- IO Completion Threads: 8/8
--------------------------------------------------
[2024-11-18 오후 4:21:19] Thread Monitoring Report
ThreadPool Configuration:
- Worker Threads: 7/8
- IO Completion Threads: 8/8
--------------------------------------------------
[2024-11-18 오후 4:21:49] Thread Monitoring Report
ThreadPool Configuration:
- Worker Threads: 7/8
- IO Completion Threads: 8/8
--------------------------------------------------
[2024-11-18 오후 4:22:19] Thread Monitoring Report
ThreadPool Configuration:
- Worker Threads: 7/8
- IO Completion Threads: 8/8
--------------------------------------------------
[2024-11-18 오후 4:22:49] Thread Monitoring Report
ThreadPool Configuration:
- Worker Threads: 7/8
- IO Completion Threads: 8/8
--------------------------------------------------
[2024-11-18 오후 4:23:19] Thread Monitoring Report
ThreadPool Configuration:
- Worker Threads: 7/8
- IO Completion Threads: 8/8
--------------------------------------------------
[2024-11-18 오후 4:23:49] Thread Monitoring Report
ThreadPool Configuration:
- Worker Threads: 7/8
- IO Completion Threads: 8/8
--------------------------------------------------
[2024-11-18 오후 4:24:19] Thread Monitoring Report
ThreadPool Configuration:
- Worker Threads: 7/8
- IO Completion Threads: 8/8
--------------------------------------------------
[2024-11-18 오후 4:24:49] Thread Monitoring Report
ThreadPool Configuration:
- Worker Threads: 7/8
- IO Completion Threads: 8/8
--------------------------------------------------
[2024-11-18 오후 4:25:19] Thread Monitoring Report
ThreadPool Configuration:
- Worker Threads: 7/8
- IO Completion Threads: 8/8
--------------------------------------------------
[2024-11-18 오후 4:25:49] Thread Monitoring Report
ThreadPool Configuration:
- Worker Threads: 7/8
- IO Completion Threads: 8/8
--------------------------------------------------
[2024-11-18 오후 4:26:19] Thread Monitoring Report
ThreadPool Configuration:
- Worker Threads: 7/8
- IO Completion Threads: 8/8
--------------------------------------------------
